# JRE version: OpenJDK Runtime Environment (8.0_292-b10) (build 1.8.0_292-b10)
# Java VM: OpenJDK 64-Bit Server VM (25.292-b10 mixed mode linux-amd64 compressed oops)
Heap:
 PSYoungGen      total 139264K, used 122458K [0x00000000f5580000, 0x00000000ffc00000, 0x0000000100000000)
  eden space 108032K, 100% used [0x00000000f5580000,0x00000000fbf00000,0x00000000fbf00000)
  from space 31232K, 46% used [0x00000000fdd80000,0x00000000feb96a50,0x00000000ffc00000)
  to   space 31232K, 40% used [0x00000000fbf00000,0x00000000fcb39ff0,0x00000000fdd80000)
 ParOldGen       total 270848K, used 119187K [0x00000000e0000000, 0x00000000f0880000, 0x00000000f5580000)
  object space 270848K, 44% used [0x00000000e0000000,0x00000000e7464e78,0x00000000f0880000)
 Metaspace       used 112432K, capacity 118612K, committed 118784K, reserved 1153024K
  class space    used 14604K, capacity 15852K, committed 15872K, reserved 1048576K
GC Heap History (10 events):
Event: 179,331 GC heap after
Heap after GC invocations=32 (full 4):
 PSYoungGen      total 130560K, used 12635K [0x00000000f5580000, 0x00000000ff980000, 0x0000000100000000)
  eden space 93184K, 0% used [0x00000000f5580000,0x00000000f5580000,0x00000000fb080000)
  from space 37376K, 33% used [0x00000000fd500000,0x00000000fe156d20,0x00000000ff980000)
  to   space 37376K, 0% used [0x00000000fb080000,0x00000000fb080000,0x00000000fd500000)
 ParOldGen       total 270848K, used 98379K [0x00000000e0000000, 0x00000000f0880000, 0x00000000f5580000)
  object space 270848K, 36% used [0x00000000e0000000,0x00000000e6012dc0,0x00000000f0880000)
 Metaspace       used 102753K, capacity 108098K, committed 108160K, reserved 1142784K
  class space    used 13512K, capacity 14676K, committed 14720K, reserved 1048576K
}
Event: 182,439 GC heap before
{Heap before GC invocations=33 (full 4):
 PSYoungGen      total 130560K, used 105819K [0x00000000f5580000, 0x00000000ff980000, 0x0000000100000000)
  eden space 93184K, 100% used [0x00000000f5580000,0x00000000fb080000,0x00000000fb080000)
  from space 37376K, 33% used [0x00000000fd500000,0x00000000fe156d20,0x00000000ff980000)
  to   space 37376K, 0% used [0x00000000fb080000,0x00000000fb080000,0x00000000fd500000)
 ParOldGen       total 270848K, used 98379K [0x00000000e0000000, 0x00000000f0880000, 0x00000000f5580000)
  object space 270848K, 36% used [0x00000000e0000000,0x00000000e6012dc0,0x00000000f0880000)
 Metaspace       used 103482K, capacity 108730K, committed 108928K, reserved 1142784K
  class space    used 13558K, capacity 14688K, committed 14720K, reserved 1048576K
Event: 182,514 GC heap after
Heap after GC invocations=33 (full 4):
 PSYoungGen      total 130560K, used 6553K [0x00000000f5580000, 0x00000000ffe00000, 0x0000000100000000)
  eden space 93184K, 0% used [0x00000000f5580000,0x00000000f5580000,0x00000000fb080000)
  from space 37376K, 17% used [0x00000000fb080000,0x00000000fb6e67a0,0x00000000fd500000)
  to   space 36352K, 0% used [0x00000000fda80000,0x00000000fda80000,0x00000000ffe00000)
 ParOldGen       total 270848K, used 110236K [0x00000000e0000000, 0x00000000f0880000, 0x00000000f5580000)
  object space 270848K, 40% used [0x00000000e0000000,0x00000000e6ba72f0,0x00000000f0880000)
 Metaspace       used 103482K, capacity 108730K, committed 108928K, reserved 1142784K
  class space    used 13558K, capacity 14688K, committed 14720K, reserved 1048576K
}
Event: 184,229 GC heap before
{Heap before GC invocations=34 (full 4):
 PSYoungGen      total 130560K, used 99737K [0x00000000f5580000, 0x00000000ffe00000, 0x0000000100000000)
  eden space 93184K, 100% used [0x00000000f5580000,0x00000000fb080000,0x00000000fb080000)
  from space 37376K, 17% used [0x00000000fb080000,0x00000000fb6e67a0,0x00000000fd500000)
  to   space 36352K, 0% used [0x00000000fda80000,0x00000000fda80000,0x00000000ffe00000)
 ParOldGen       total 270848K, used 110236K [0x00000000e0000000, 0x00000000f0880000, 0x00000000f5580000)
  object space 270848K, 40% used [0x00000000e0000000,0x00000000e6ba72f0,0x00000000f0880000)
 Metaspace       used 105463K, capacity 110800K, committed 110976K, reserved 1144832K
  class space    used 13813K, capacity 14919K, committed 14976K, reserved 1048576K
Event: 184,247 GC heap after
Heap after GC invocations=34 (full 4):
 PSYoungGen      total 134144K, used 10168K [0x00000000f5580000, 0x00000000ffb00000, 0x0000000100000000)
  eden space 100864K, 0% used [0x00000000f5580000,0x00000000f5580000,0x00000000fb800000)
  from space 33280K, 30% used [0x00000000fda80000,0x00000000fe46e1a0,0x00000000ffb00000)
  to   space 34304K, 0% used [0x00000000fb800000,0x00000000fb800000,0x00000000fd980000)
 ParOldGen       total 270848K, used 115455K [0x00000000e0000000, 0x00000000f0880000, 0x00000000f5580000)
  object space 270848K, 42% used [0x00000000e0000000,0x00000000e70bfc60,0x00000000f0880000)
 Metaspace       used 105463K, capacity 110800K, committed 110976K, reserved 1144832K
  class space    used 13813K, capacity 14919K, committed 14976K, reserved 1048576K
}
Event: 282,363 GC heap before
{Heap before GC invocations=35 (full 4):
 PSYoungGen      total 134144K, used 111032K [0x00000000f5580000, 0x00000000ffb00000, 0x0000000100000000)
  eden space 100864K, 100% used [0x00000000f5580000,0x00000000fb800000,0x00000000fb800000)
  from space 33280K, 30% used [0x00000000fda80000,0x00000000fe46e1a0,0x00000000ffb00000)
  to   space 34304K, 0% used [0x00000000fb800000,0x00000000fb800000,0x00000000fd980000)
 ParOldGen       total 270848K, used 115455K [0x00000000e0000000, 0x00000000f0880000, 0x00000000f5580000)
  object space 270848K, 42% used [0x00000000e0000000,0x00000000e70bfc60,0x00000000f0880000)
 Metaspace       used 108917K, capacity 114982K, committed 115200K, reserved 1148928K
  class space    used 14298K, capacity 15530K, committed 15616K, reserved 1048576K
Event: 282,389 GC heap after
Heap after GC invocations=35 (full 4):
 PSYoungGen      total 135168K, used 11422K [0x00000000f5580000, 0x00000000ffd00000, 0x0000000100000000)
  eden space 100864K, 0% used [0x00000000f5580000,0x00000000f5580000,0x00000000fb800000)
  from space 34304K, 33% used [0x00000000fb800000,0x00000000fc327838,0x00000000fd980000)
  to   space 32256K, 0% used [0x00000000fdd80000,0x00000000fdd80000,0x00000000ffd00000)
 ParOldGen       total 270848K, used 119179K [0x00000000e0000000, 0x00000000f0880000, 0x00000000f5580000)
  object space 270848K, 44% used [0x00000000e0000000,0x00000000e7462e78,0x00000000f0880000)
 Metaspace       used 108917K, capacity 114982K, committed 115200K, reserved 1148928K
  class space    used 14298K, capacity 15530K, committed 15616K, reserved 1048576K
}
Event: 356,578 GC heap before
{Heap before GC invocations=36 (full 4):
 PSYoungGen      total 135168K, used 112286K [0x00000000f5580000, 0x00000000ffd00000, 0x0000000100000000)
  eden space 100864K, 100% used [0x00000000f5580000,0x00000000fb800000,0x00000000fb800000)
  from space 34304K, 33% used [0x00000000fb800000,0x00000000fc327838,0x00000000fd980000)
  to   space 32256K, 0% used [0x00000000fdd80000,0x00000000fdd80000,0x00000000ffd00000)
 ParOldGen       total 270848K, used 119179K [0x00000000e0000000, 0x00000000f0880000, 0x00000000f5580000)
  object space 270848K, 44% used [0x00000000e0000000,0x00000000e7462e78,0x00000000f0880000)
 Metaspace       used 112068K, capacity 118210K, committed 118272K, reserved 1150976K
  class space    used 14599K, capacity 15849K, committed 15872K, reserved 1048576K
Event: 356,596 GC heap after
Heap after GC invocations=36 (full 4):
 PSYoungGen      total 139264K, used 14426K [0x00000000f5580000, 0x00000000ffc00000, 0x0000000100000000)
  eden space 108032K, 0% used [0x00000000f5580000,0x00000000f5580000,0x00000000fbf00000)
  from space 31232K, 46% used [0x00000000fdd80000,0x00000000feb96a50,0x00000000ffc00000)
  to   space 31232K, 0% used [0x00000000fbf00000,0x00000000fbf00000,0x00000000fdd80000)
 ParOldGen       total 270848K, used 119187K [0x00000000e0000000, 0x00000000f0880000, 0x00000000f5580000)
  object space 270848K, 44% used [0x00000000e0000000,0x00000000e7464e78,0x00000000f0880000)
 Metaspace       used 112068K, capacity 118210K, committed 118272K, reserved 1150976K
  class space    used 14599K, capacity 15849K, committed 15872K, reserved 1048576K
}
Event: 682,821 GC heap before
{Heap before GC invocations=37 (full 4):
 PSYoungGen      total 139264K, used 122458K [0x00000000f5580000, 0x00000000ffc00000, 0x0000000100000000)
  eden space 108032K, 100% used [0x00000000f5580000,0x00000000fbf00000,0x00000000fbf00000)
  from space 31232K, 46% used [0x00000000fdd80000,0x00000000feb96a50,0x00000000ffc00000)
  to   space 31232K, 0% used [0x00000000fbf00000,0x00000000fbf00000,0x00000000fdd80000)
 ParOldGen       total 270848K, used 119187K [0x00000000e0000000, 0x00000000f0880000, 0x00000000f5580000)
  object space 270848K, 44% used [0x00000000e0000000,0x00000000e7464e78,0x00000000f0880000)
 Metaspace       used 112432K, capacity 118612K, committed 118784K, reserved 1153024K
  class space    used 14604K, capacity 15852K, committed 15872K, reserved 1048576K

