# JRE version: OpenJDK Runtime Environment (8.0_292-b10) (build 1.8.0_292-b10)
# Java VM: OpenJDK 64-Bit Server VM (25.292-b10 mixed mode linux-amd64 compressed oops)
Heap:
 PSYoungGen      total 107520K, used 48627K [0x00000000f5580000, 0x0000000100000000, 0x0000000100000000)
  eden space 58880K, 0% used [0x00000000f5580000,0x00000000f5580000,0x00000000f8f00000)
  from space 48640K, 99% used [0x00000000fd080000,0x00000000ffffcc20,0x0000000100000000)
  to   space 57856K, 0% used [0x00000000f8f00000,0x00000000f8f00000,0x00000000fc780000)
 ParOldGen       total 349696K, used 343355K [0x00000000e0000000, 0x00000000f5580000, 0x00000000f5580000)
  object space 349696K, 98% used [0x00000000e0000000,0x00000000f4f4ee58,0x00000000f5580000)
 Metaspace       used 116834K, capacity 123382K, committed 123520K, reserved 1155072K
  class space    used 15704K, capacity 16972K, committed 17024K, reserved 1048576K
GC Heap History (10 events):
Event: 338,830 GC heap after
Heap after GC invocations=46 (full 4):
 PSYoungGen      total 120832K, used 12089K [0x00000000f5580000, 0x00000000ffa80000, 0x0000000100000000)
  eden space 72192K, 0% used [0x00000000f5580000,0x00000000f5580000,0x00000000f9c00000)
  from space 48640K, 24% used [0x00000000fcb00000,0x00000000fd6ce480,0x00000000ffa80000)
  to   space 48128K, 0% used [0x00000000f9c00000,0x00000000f9c00000,0x00000000fcb00000)
 ParOldGen       total 349696K, used 257986K [0x00000000e0000000, 0x00000000f5580000, 0x00000000f5580000)
  object space 349696K, 73% used [0x00000000e0000000,0x00000000efbf08d8,0x00000000f5580000)
 Metaspace       used 115673K, capacity 122114K, committed 122368K, reserved 1155072K
  class space    used 15560K, capacity 16816K, committed 16896K, reserved 1048576K
}
Event: 339,326 GC heap before
{Heap before GC invocations=47 (full 4):
 PSYoungGen      total 120832K, used 84281K [0x00000000f5580000, 0x00000000ffa80000, 0x0000000100000000)
  eden space 72192K, 100% used [0x00000000f5580000,0x00000000f9c00000,0x00000000f9c00000)
  from space 48640K, 24% used [0x00000000fcb00000,0x00000000fd6ce480,0x00000000ffa80000)
  to   space 48128K, 0% used [0x00000000f9c00000,0x00000000f9c00000,0x00000000fcb00000)
 ParOldGen       total 349696K, used 257986K [0x00000000e0000000, 0x00000000f5580000, 0x00000000f5580000)
  object space 349696K, 73% used [0x00000000e0000000,0x00000000efbf08d8,0x00000000f5580000)
 Metaspace       used 115728K, capacity 122114K, committed 122368K, reserved 1155072K
  class space    used 15560K, capacity 16816K, committed 16896K, reserved 1048576K
Event: 339,358 GC heap after
Heap after GC invocations=47 (full 4):
 PSYoungGen      total 120320K, used 6688K [0x00000000f5580000, 0x00000000ffe80000, 0x0000000100000000)
  eden space 72192K, 0% used [0x00000000f5580000,0x00000000f5580000,0x00000000f9c00000)
  from space 48128K, 13% used [0x00000000f9c00000,0x00000000fa288000,0x00000000fcb00000)
  to   space 47616K, 0% used [0x00000000fd000000,0x00000000fd000000,0x00000000ffe80000)
 ParOldGen       total 349696K, used 268979K [0x00000000e0000000, 0x00000000f5580000, 0x00000000f5580000)
  object space 349696K, 76% used [0x00000000e0000000,0x00000000f06acd48,0x00000000f5580000)
 Metaspace       used 115728K, capacity 122114K, committed 122368K, reserved 1155072K
  class space    used 15560K, capacity 16816K, committed 16896K, reserved 1048576K
}
Event: 344,490 GC heap before
{Heap before GC invocations=48 (full 4):
 PSYoungGen      total 120320K, used 78880K [0x00000000f5580000, 0x00000000ffe80000, 0x0000000100000000)
  eden space 72192K, 100% used [0x00000000f5580000,0x00000000f9c00000,0x00000000f9c00000)
  from space 48128K, 13% used [0x00000000f9c00000,0x00000000fa288000,0x00000000fcb00000)
  to   space 47616K, 0% used [0x00000000fd000000,0x00000000fd000000,0x00000000ffe80000)
 ParOldGen       total 349696K, used 268979K [0x00000000e0000000, 0x00000000f5580000, 0x00000000f5580000)
  object space 349696K, 76% used [0x00000000e0000000,0x00000000f06acd48,0x00000000f5580000)
 Metaspace       used 115775K, capacity 122188K, committed 122368K, reserved 1155072K
  class space    used 15561K, capacity 16817K, committed 16896K, reserved 1048576K
Event: 344,507 GC heap after
Heap after GC invocations=48 (full 4):
 PSYoungGen      total 125440K, used 1248K [0x00000000f5580000, 0x00000000fff80000, 0x0000000100000000)
  eden space 77824K, 0% used [0x00000000f5580000,0x00000000f5580000,0x00000000fa180000)
  from space 47616K, 2% used [0x00000000fd000000,0x00000000fd138000,0x00000000ffe80000)
  to   space 47616K, 0% used [0x00000000fa180000,0x00000000fa180000,0x00000000fd000000)
 ParOldGen       total 349696K, used 275551K [0x00000000e0000000, 0x00000000f5580000, 0x00000000f5580000)
  object space 349696K, 78% used [0x00000000e0000000,0x00000000f0d17db8,0x00000000f5580000)
 Metaspace       used 115775K, capacity 122188K, committed 122368K, reserved 1155072K
  class space    used 15561K, capacity 16817K, committed 16896K, reserved 1048576K
}
Event: 353,304 GC heap before
{Heap before GC invocations=49 (full 4):
 PSYoungGen      total 125440K, used 78882K [0x00000000f5580000, 0x00000000fff80000, 0x0000000100000000)
  eden space 77824K, 99% used [0x00000000f5580000,0x00000000fa150868,0x00000000fa180000)
  from space 47616K, 2% used [0x00000000fd000000,0x00000000fd138000,0x00000000ffe80000)
  to   space 47616K, 0% used [0x00000000fa180000,0x00000000fa180000,0x00000000fd000000)
 ParOldGen       total 349696K, used 281542K [0x00000000e0000000, 0x00000000f5580000, 0x00000000f5580000)
  object space 349696K, 80% used [0x00000000e0000000,0x00000000f12f1968,0x00000000f5580000)
 Metaspace       used 116800K, capacity 123382K, committed 123520K, reserved 1155072K
  class space    used 15701K, capacity 16972K, committed 17024K, reserved 1048576K
Event: 353,331 GC heap after
Heap after GC invocations=49 (full 4):
 PSYoungGen      total 125440K, used 27567K [0x00000000f5580000, 0x0000000100000000, 0x0000000100000000)
  eden space 77824K, 0% used [0x00000000f5580000,0x00000000f5580000,0x00000000fa180000)
  from space 47616K, 57% used [0x00000000fa180000,0x00000000fbc6bcc0,0x00000000fd000000)
  to   space 48640K, 0% used [0x00000000fd080000,0x00000000fd080000,0x0000000100000000)
 ParOldGen       total 349696K, used 282599K [0x00000000e0000000, 0x00000000f5580000, 0x00000000f5580000)
  object space 349696K, 80% used [0x00000000e0000000,0x00000000f13f9d18,0x00000000f5580000)
 Metaspace       used 116800K, capacity 123382K, committed 123520K, reserved 1155072K
  class space    used 15701K, capacity 16972K, committed 17024K, reserved 1048576K
}
Event: 353,914 GC heap before
{Heap before GC invocations=50 (full 4):
 PSYoungGen      total 125440K, used 105391K [0x00000000f5580000, 0x0000000100000000, 0x0000000100000000)
  eden space 77824K, 100% used [0x00000000f5580000,0x00000000fa180000,0x00000000fa180000)
  from space 47616K, 57% used [0x00000000fa180000,0x00000000fbc6bcc0,0x00000000fd000000)
  to   space 48640K, 0% used [0x00000000fd080000,0x00000000fd080000,0x0000000100000000)
 ParOldGen       total 349696K, used 295548K [0x00000000e0000000, 0x00000000f5580000, 0x00000000f5580000)
  object space 349696K, 84% used [0x00000000e0000000,0x00000000f209f0f0,0x00000000f5580000)
 Metaspace       used 116834K, capacity 123382K, committed 123520K, reserved 1155072K
  class space    used 15704K, capacity 16972K, committed 17024K, reserved 1048576K
Event: 354,004 GC heap after
Heap after GC invocations=50 (full 4):
 PSYoungGen      total 107520K, used 48627K [0x00000000f5580000, 0x0000000100000000, 0x0000000100000000)
  eden space 58880K, 0% used [0x00000000f5580000,0x00000000f5580000,0x00000000f8f00000)
  from space 48640K, 99% used [0x00000000fd080000,0x00000000ffffcc20,0x0000000100000000)
  to   space 57856K, 0% used [0x00000000f8f00000,0x00000000f8f00000,0x00000000fc780000)
 ParOldGen       total 349696K, used 343355K [0x00000000e0000000, 0x00000000f5580000, 0x00000000f5580000)
  object space 349696K, 98% used [0x00000000e0000000,0x00000000f4f4ee58,0x00000000f5580000)
 Metaspace       used 116834K, capacity 123382K, committed 123520K, reserved 1155072K
  class space    used 15704K, capacity 16972K, committed 17024K, reserved 1048576K
}
Event: 354,004 GC heap before
{Heap before GC invocations=51 (full 5):
 PSYoungGen      total 107520K, used 48627K [0x00000000f5580000, 0x0000000100000000, 0x0000000100000000)
  eden space 58880K, 0% used [0x00000000f5580000,0x00000000f5580000,0x00000000f8f00000)
  from space 48640K, 99% used [0x00000000fd080000,0x00000000ffffcc20,0x0000000100000000)
  to   space 57856K, 0% used [0x00000000f8f00000,0x00000000f8f00000,0x00000000fc780000)
 ParOldGen       total 349696K, used 343355K [0x00000000e0000000, 0x00000000f5580000, 0x00000000f5580000)
  object space 349696K, 98% used [0x00000000e0000000,0x00000000f4f4ee58,0x00000000f5580000)
 Metaspace       used 116834K, capacity 123382K, committed 123520K, reserved 1155072K
  class space    used 15704K, capacity 16972K, committed 17024K, reserved 1048576K

