# JRE version: OpenJDK Runtime Environment (8.0_292-b10) (build 1.8.0_292-b10)
# Java VM: OpenJDK 64-Bit Server VM (25.292-b10 mixed mode linux-amd64 compressed oops)
Heap:
 PSYoungGen      total 148992K, used 80424K [0x00000000f5580000, 0x0000000100000000, 0x0000000100000000)
  eden space 125440K, 45% used [0x00000000f5580000,0x00000000f8d1d290,0x00000000fd000000)
  from space 23552K, 99% used [0x00000000fd000000,0x00000000fe6ece28,0x00000000fe700000)
  to   space 25600K, 0% used [0x00000000fe700000,0x00000000fe700000,0x0000000100000000)
 ParOldGen       total 176640K, used 36163K [0x00000000e0000000, 0x00000000eac80000, 0x00000000f5580000)
  object space 176640K, 20% used [0x00000000e0000000,0x00000000e2350ff0,0x00000000eac80000)
 Metaspace       used 73068K, capacity 77106K, committed 77184K, reserved 1116160K
  class space    used 9899K, capacity 10809K, committed 10880K, reserved 1048576K
GC Heap History (10 events):
Event: 22,537 GC heap before
{Heap before GC invocations=10 (full 2):
 PSYoungGen      total 158720K, used 150912K [0x00000000f5580000, 0x00000000fff80000, 0x0000000100000000)
  eden space 143360K, 100% used [0x00000000f5580000,0x00000000fe180000,0x00000000fe180000)
  from space 15360K, 49% used [0x00000000fe180000,0x00000000fe8e0268,0x00000000ff080000)
  to   space 15360K, 0% used [0x00000000ff080000,0x00000000ff080000,0x00000000fff80000)
 ParOldGen       total 175104K, used 15686K [0x00000000e0000000, 0x00000000eab00000, 0x00000000f5580000)
  object space 175104K, 8% used [0x00000000e0000000,0x00000000e0f51ab8,0x00000000eab00000)
 Metaspace       used 52248K, capacity 54482K, committed 54656K, reserved 1095680K
  class space    used 7034K, capacity 7527K, committed 7552K, reserved 1048576K
Event: 22,557 GC heap after
Heap after GC invocations=10 (full 2):
 PSYoungGen      total 151040K, used 15339K [0x00000000f5580000, 0x0000000100000000, 0x0000000100000000)
  eden space 135680K, 0% used [0x00000000f5580000,0x00000000f5580000,0x00000000fda00000)
  from space 15360K, 99% used [0x00000000ff080000,0x00000000fff7acf0,0x00000000fff80000)
  to   space 19456K, 0% used [0x00000000fda00000,0x00000000fda00000,0x00000000fed00000)
 ParOldGen       total 175104K, used 21218K [0x00000000e0000000, 0x00000000eab00000, 0x00000000f5580000)
  object space 175104K, 12% used [0x00000000e0000000,0x00000000e14b8828,0x00000000eab00000)
 Metaspace       used 52248K, capacity 54482K, committed 54656K, reserved 1095680K
  class space    used 7034K, capacity 7527K, committed 7552K, reserved 1048576K
}
Event: 28,119 GC heap before
{Heap before GC invocations=11 (full 2):
 PSYoungGen      total 151040K, used 125108K [0x00000000f5580000, 0x0000000100000000, 0x0000000100000000)
  eden space 135680K, 80% used [0x00000000f5580000,0x00000000fc0b2588,0x00000000fda00000)
  from space 15360K, 99% used [0x00000000ff080000,0x00000000fff7acf0,0x00000000fff80000)
  to   space 19456K, 0% used [0x00000000fda00000,0x00000000fda00000,0x00000000fed00000)
 ParOldGen       total 175104K, used 21218K [0x00000000e0000000, 0x00000000eab00000, 0x00000000f5580000)
  object space 175104K, 12% used [0x00000000e0000000,0x00000000e14b8828,0x00000000eab00000)
 Metaspace       used 56350K, capacity 58956K, committed 59028K, reserved 1099776K
  class space    used 7618K, capacity 8173K, committed 8192K, reserved 1048576K
Event: 28,148 GC heap after
Heap after GC invocations=11 (full 2):
 PSYoungGen      total 155136K, used 19433K [0x00000000f5580000, 0x0000000100000000, 0x0000000100000000)
  eden space 135680K, 0% used [0x00000000f5580000,0x00000000f5580000,0x00000000fda00000)
  from space 19456K, 99% used [0x00000000fda00000,0x00000000fecfa718,0x00000000fed00000)
  to   space 19456K, 0% used [0x00000000fed00000,0x00000000fed00000,0x0000000100000000)
 ParOldGen       total 175104K, used 23657K [0x00000000e0000000, 0x00000000eab00000, 0x00000000f5580000)
  object space 175104K, 13% used [0x00000000e0000000,0x00000000e171a530,0x00000000eab00000)
 Metaspace       used 56350K, capacity 58956K, committed 59028K, reserved 1099776K
  class space    used 7618K, capacity 8173K, committed 8192K, reserved 1048576K
}
Event: 28,148 GC heap before
{Heap before GC invocations=12 (full 3):
 PSYoungGen      total 155136K, used 19433K [0x00000000f5580000, 0x0000000100000000, 0x0000000100000000)
  eden space 135680K, 0% used [0x00000000f5580000,0x00000000f5580000,0x00000000fda00000)
  from space 19456K, 99% used [0x00000000fda00000,0x00000000fecfa718,0x00000000fed00000)
  to   space 19456K, 0% used [0x00000000fed00000,0x00000000fed00000,0x0000000100000000)
 ParOldGen       total 175104K, used 23657K [0x00000000e0000000, 0x00000000eab00000, 0x00000000f5580000)
  object space 175104K, 13% used [0x00000000e0000000,0x00000000e171a530,0x00000000eab00000)
 Metaspace       used 56350K, capacity 58956K, committed 59028K, reserved 1099776K
  class space    used 7618K, capacity 8173K, committed 8192K, reserved 1048576K
Event: 28,397 GC heap after
Heap after GC invocations=12 (full 3):
 PSYoungGen      total 155136K, used 0K [0x00000000f5580000, 0x0000000100000000, 0x0000000100000000)
  eden space 135680K, 0% used [0x00000000f5580000,0x00000000f5580000,0x00000000fda00000)
  from space 19456K, 0% used [0x00000000fda00000,0x00000000fda00000,0x00000000fed00000)
  to   space 19456K, 0% used [0x00000000fed00000,0x00000000fed00000,0x0000000100000000)
 ParOldGen       total 176640K, used 36147K [0x00000000e0000000, 0x00000000eac80000, 0x00000000f5580000)
  object space 176640K, 20% used [0x00000000e0000000,0x00000000e234cff0,0x00000000eac80000)
 Metaspace       used 56251K, capacity 58758K, committed 59028K, reserved 1099776K
  class space    used 7592K, capacity 8120K, committed 8192K, reserved 1048576K
}
Event: 32,635 GC heap before
{Heap before GC invocations=13 (full 3):
 PSYoungGen      total 155136K, used 135680K [0x00000000f5580000, 0x0000000100000000, 0x0000000100000000)
  eden space 135680K, 100% used [0x00000000f5580000,0x00000000fda00000,0x00000000fda00000)
  from space 19456K, 0% used [0x00000000fda00000,0x00000000fda00000,0x00000000fed00000)
  to   space 19456K, 0% used [0x00000000fed00000,0x00000000fed00000,0x0000000100000000)
 ParOldGen       total 176640K, used 36147K [0x00000000e0000000, 0x00000000eac80000, 0x00000000f5580000)
  object space 176640K, 20% used [0x00000000e0000000,0x00000000e234cff0,0x00000000eac80000)
 Metaspace       used 63602K, capacity 67006K, committed 67200K, reserved 1107968K
  class space    used 8810K, capacity 9540K, committed 9600K, reserved 1048576K
Event: 32,670 GC heap after
Heap after GC invocations=13 (full 3):
 PSYoungGen      total 144896K, used 19345K [0x00000000f5580000, 0x0000000100000000, 0x0000000100000000)
  eden space 125440K, 0% used [0x00000000f5580000,0x00000000f5580000,0x00000000fd000000)
  from space 19456K, 99% used [0x00000000fed00000,0x00000000fffe4400,0x0000000100000000)
  to   space 24576K, 0% used [0x00000000fd000000,0x00000000fd000000,0x00000000fe800000)
 ParOldGen       total 176640K, used 36155K [0x00000000e0000000, 0x00000000eac80000, 0x00000000f5580000)
  object space 176640K, 20% used [0x00000000e0000000,0x00000000e234eff0,0x00000000eac80000)
 Metaspace       used 63602K, capacity 67006K, committed 67200K, reserved 1107968K
  class space    used 8810K, capacity 9540K, committed 9600K, reserved 1048576K
}
Event: 37,018 GC heap before
{Heap before GC invocations=14 (full 3):
 PSYoungGen      total 144896K, used 144785K [0x00000000f5580000, 0x0000000100000000, 0x0000000100000000)
  eden space 125440K, 100% used [0x00000000f5580000,0x00000000fd000000,0x00000000fd000000)
  from space 19456K, 99% used [0x00000000fed00000,0x00000000fffe4400,0x0000000100000000)
  to   space 24576K, 0% used [0x00000000fd000000,0x00000000fd000000,0x00000000fe800000)
 ParOldGen       total 176640K, used 36155K [0x00000000e0000000, 0x00000000eac80000, 0x00000000f5580000)
  object space 176640K, 20% used [0x00000000e0000000,0x00000000e234eff0,0x00000000eac80000)
 Metaspace       used 69616K, capacity 73600K, committed 73856K, reserved 1112064K
  class space    used 9630K, capacity 10504K, committed 10624K, reserved 1048576K
Event: 37,073 GC heap after
Heap after GC invocations=14 (full 3):
 PSYoungGen      total 148992K, used 23475K [0x00000000f5580000, 0x0000000100000000, 0x0000000100000000)
  eden space 125440K, 0% used [0x00000000f5580000,0x00000000f5580000,0x00000000fd000000)
  from space 23552K, 99% used [0x00000000fd000000,0x00000000fe6ece28,0x00000000fe700000)
  to   space 25600K, 0% used [0x00000000fe700000,0x00000000fe700000,0x0000000100000000)
 ParOldGen       total 176640K, used 36163K [0x00000000e0000000, 0x00000000eac80000, 0x00000000f5580000)
  object space 176640K, 20% used [0x00000000e0000000,0x00000000e2350ff0,0x00000000eac80000)
 Metaspace       used 69616K, capacity 73600K, committed 73856K, reserved 1112064K
  class space    used 9630K, capacity 10504K, committed 10624K, reserved 1048576K
}

