# JRE version: OpenJDK Runtime Environment (8.0_292-b10) (build 1.8.0_292-b10)
# Java VM: OpenJDK 64-Bit Server VM (25.292-b10 mixed mode linux-amd64 compressed oops)
Heap:
 PSYoungGen      total 117248K, used 72192K [0x00000000f5580000, 0x00000000ffe80000, 0x0000000100000000)
  eden space 109568K, 58% used [0x00000000f5580000,0x00000000f948ae28,0x00000000fc080000)
  from space 7680K, 99% used [0x00000000fc080000,0x00000000fc7f52c8,0x00000000fc800000)
  to   space 31744K, 0% used [0x00000000fdf80000,0x00000000fdf80000,0x00000000ffe80000)
 ParOldGen       total 235520K, used 60464K [0x00000000e0000000, 0x00000000ee600000, 0x00000000f5580000)
  object space 235520K, 25% used [0x00000000e0000000,0x00000000e3b0c2a8,0x00000000ee600000)
 Metaspace       used 96146K, capacity 102212K, committed 102656K, reserved 1138688K
  class space    used 12518K, capacity 13642K, committed 13824K, reserved 1048576K
GC Heap History (10 events):
Event: 4020,276 GC heap before
{Heap before GC invocations=21 (full 3):
 PSYoungGen      total 140800K, used 140749K [0x00000000f5580000, 0x00000000ffd80000, 0x0000000100000000)
  eden space 118784K, 100% used [0x00000000f5580000,0x00000000fc980000,0x00000000fc980000)
  from space 22016K, 99% used [0x00000000fcc00000,0x00000000fe1734c8,0x00000000fe180000)
  to   space 26624K, 0% used [0x00000000fe380000,0x00000000fe380000,0x00000000ffd80000)
 ParOldGen       total 175104K, used 63972K [0x00000000e0000000, 0x00000000eab00000, 0x00000000f5580000)
  object space 175104K, 36% used [0x00000000e0000000,0x00000000e3e79308,0x00000000eab00000)
 Metaspace       used 91122K, capacity 97406K, committed 97664K, reserved 1134592K
  class space    used 12148K, capacity 13420K, committed 13440K, reserved 1048576K
Event: 4020,320 GC heap after
Heap after GC invocations=21 (full 3):
 PSYoungGen      total 138752K, used 26614K [0x00000000f5580000, 0x0000000100000000, 0x0000000100000000)
  eden space 112128K, 0% used [0x00000000f5580000,0x00000000f5580000,0x00000000fc300000)
  from space 26624K, 99% used [0x00000000fe380000,0x00000000ffd7db28,0x00000000ffd80000)
  to   space 31232K, 0% used [0x00000000fc300000,0x00000000fc300000,0x00000000fe180000)
 ParOldGen       total 175104K, used 67366K [0x00000000e0000000, 0x00000000eab00000, 0x00000000f5580000)
  object space 175104K, 38% used [0x00000000e0000000,0x00000000e41c9b50,0x00000000eab00000)
 Metaspace       used 91122K, capacity 97406K, committed 97664K, reserved 1134592K
  class space    used 12148K, capacity 13420K, committed 13440K, reserved 1048576K
}
Event: 4024,450 GC heap before
{Heap before GC invocations=22 (full 3):
 PSYoungGen      total 138752K, used 64897K [0x00000000f5580000, 0x0000000100000000, 0x0000000100000000)
  eden space 112128K, 34% used [0x00000000f5580000,0x00000000f7ae2cc0,0x00000000fc300000)
  from space 26624K, 99% used [0x00000000fe380000,0x00000000ffd7db28,0x00000000ffd80000)
  to   space 31232K, 0% used [0x00000000fc300000,0x00000000fc300000,0x00000000fe180000)
 ParOldGen       total 175104K, used 67366K [0x00000000e0000000, 0x00000000eab00000, 0x00000000f5580000)
  object space 175104K, 38% used [0x00000000e0000000,0x00000000e41c9b50,0x00000000eab00000)
 Metaspace       used 91973K, capacity 98350K, committed 98380K, reserved 1134592K
  class space    used 12235K, capacity 13540K, committed 13568K, reserved 1048576K
Event: 4024,514 GC heap after
Heap after GC invocations=22 (full 3):
 PSYoungGen      total 136192K, used 23904K [0x00000000f5580000, 0x0000000100000000, 0x0000000100000000)
  eden space 112128K, 0% used [0x00000000f5580000,0x00000000f5580000,0x00000000fc300000)
  from space 24064K, 99% used [0x00000000fc300000,0x00000000fda581c0,0x00000000fda80000)
  to   space 32768K, 0% used [0x00000000fe000000,0x00000000fe000000,0x0000000100000000)
 ParOldGen       total 175104K, used 71839K [0x00000000e0000000, 0x00000000eab00000, 0x00000000f5580000)
  object space 175104K, 41% used [0x00000000e0000000,0x00000000e4627cf0,0x00000000eab00000)
 Metaspace       used 91973K, capacity 98350K, committed 98380K, reserved 1134592K
  class space    used 12235K, capacity 13540K, committed 13568K, reserved 1048576K
}
Event: 4024,514 GC heap before
{Heap before GC invocations=23 (full 4):
 PSYoungGen      total 136192K, used 23904K [0x00000000f5580000, 0x0000000100000000, 0x0000000100000000)
  eden space 112128K, 0% used [0x00000000f5580000,0x00000000f5580000,0x00000000fc300000)
  from space 24064K, 99% used [0x00000000fc300000,0x00000000fda581c0,0x00000000fda80000)
  to   space 32768K, 0% used [0x00000000fe000000,0x00000000fe000000,0x0000000100000000)
 ParOldGen       total 175104K, used 71839K [0x00000000e0000000, 0x00000000eab00000, 0x00000000f5580000)
  object space 175104K, 41% used [0x00000000e0000000,0x00000000e4627cf0,0x00000000eab00000)
 Metaspace       used 91973K, capacity 98350K, committed 98380K, reserved 1134592K
  class space    used 12235K, capacity 13540K, committed 13568K, reserved 1048576K
Event: 4025,047 GC heap after
Heap after GC invocations=23 (full 4):
 PSYoungGen      total 136192K, used 0K [0x00000000f5580000, 0x0000000100000000, 0x0000000100000000)
  eden space 112128K, 0% used [0x00000000f5580000,0x00000000f5580000,0x00000000fc300000)
  from space 24064K, 0% used [0x00000000fc300000,0x00000000fc300000,0x00000000fda80000)
  to   space 32768K, 0% used [0x00000000fe000000,0x00000000fe000000,0x0000000100000000)
 ParOldGen       total 235520K, used 60456K [0x00000000e0000000, 0x00000000ee600000, 0x00000000f5580000)
  object space 235520K, 25% used [0x00000000e0000000,0x00000000e3b0a2a8,0x00000000ee600000)
 Metaspace       used 89335K, capacity 95222K, committed 98380K, reserved 1134592K
  class space    used 11856K, capacity 12993K, committed 13568K, reserved 1048576K
}
Event: 4027,371 GC heap before
{Heap before GC invocations=24 (full 4):
 PSYoungGen      total 136192K, used 112128K [0x00000000f5580000, 0x0000000100000000, 0x0000000100000000)
  eden space 112128K, 100% used [0x00000000f5580000,0x00000000fc300000,0x00000000fc300000)
  from space 24064K, 0% used [0x00000000fc300000,0x00000000fc300000,0x00000000fda80000)
  to   space 32768K, 0% used [0x00000000fe000000,0x00000000fe000000,0x0000000100000000)
 ParOldGen       total 235520K, used 60456K [0x00000000e0000000, 0x00000000ee600000, 0x00000000f5580000)
  object space 235520K, 25% used [0x00000000e0000000,0x00000000e3b0a2a8,0x00000000ee600000)
 Metaspace       used 90543K, capacity 96490K, committed 98380K, reserved 1134592K
  class space    used 11977K, capacity 13113K, committed 13568K, reserved 1048576K
Event: 4027,387 GC heap after
Heap after GC invocations=24 (full 4):
 PSYoungGen      total 142336K, used 9847K [0x00000000f5580000, 0x0000000100000000, 0x0000000100000000)
  eden space 109568K, 0% used [0x00000000f5580000,0x00000000f5580000,0x00000000fc080000)
  from space 32768K, 30% used [0x00000000fe000000,0x00000000fe99dfc8,0x0000000100000000)
  to   space 32256K, 0% used [0x00000000fc080000,0x00000000fc080000,0x00000000fe000000)
 ParOldGen       total 235520K, used 60464K [0x00000000e0000000, 0x00000000ee600000, 0x00000000f5580000)
  object space 235520K, 25% used [0x00000000e0000000,0x00000000e3b0c2a8,0x00000000ee600000)
 Metaspace       used 90543K, capacity 96490K, committed 98380K, reserved 1134592K
  class space    used 11977K, capacity 13113K, committed 13568K, reserved 1048576K
}
Event: 4030,049 GC heap before
{Heap before GC invocations=25 (full 4):
 PSYoungGen      total 142336K, used 119415K [0x00000000f5580000, 0x0000000100000000, 0x0000000100000000)
  eden space 109568K, 100% used [0x00000000f5580000,0x00000000fc080000,0x00000000fc080000)
  from space 32768K, 30% used [0x00000000fe000000,0x00000000fe99dfc8,0x0000000100000000)
  to   space 32256K, 0% used [0x00000000fc080000,0x00000000fc080000,0x00000000fe000000)
 ParOldGen       total 235520K, used 60464K [0x00000000e0000000, 0x00000000ee600000, 0x00000000f5580000)
  object space 235520K, 25% used [0x00000000e0000000,0x00000000e3b0c2a8,0x00000000ee600000)
 Metaspace       used 94040K, capacity 100058K, committed 100608K, reserved 1136640K
  class space    used 12263K, capacity 13415K, committed 13568K, reserved 1048576K
Event: 4030,085 GC heap after
Heap after GC invocations=25 (full 4):
 PSYoungGen      total 117248K, used 7636K [0x00000000f5580000, 0x00000000ffe80000, 0x0000000100000000)
  eden space 109568K, 0% used [0x00000000f5580000,0x00000000f5580000,0x00000000fc080000)
  from space 7680K, 99% used [0x00000000fc080000,0x00000000fc7f52c8,0x00000000fc800000)
  to   space 31744K, 0% used [0x00000000fdf80000,0x00000000fdf80000,0x00000000ffe80000)
 ParOldGen       total 235520K, used 60464K [0x00000000e0000000, 0x00000000ee600000, 0x00000000f5580000)
  object space 235520K, 25% used [0x00000000e0000000,0x00000000e3b0c2a8,0x00000000ee600000)
 Metaspace       used 94040K, capacity 100058K, committed 100608K, reserved 1136640K
  class space    used 12263K, capacity 13415K, committed 13568K, reserved 1048576K
}

